<?xml version="1.0" encoding="UTF-8"?><testsuite errors="0" failures="1" name="Cotizar envío" skipped="0" tests="1" time="41.26" timestamp="2021-10-06 09:04:21"><testcase name="Validar obligatoriedad de los campos del formulario de cotizar envío sin diligenciar ningún campo"><failure message="Expected enabled element was not enabled&#10;Build info: version: '3.141.59', revision: 'e82be7d358', time: '2018-11-14T08:17:03'&#10;System info: host: 'DESKTOP-BIC30TN', ip: '192.168.6.102', os.name: 'Windows 10', os.arch: 'amd64', os.version: '10.0', java.version: '11.0.12'&#10;Driver info: driver.version: unknown" type="net.thucydides.core.webdriver.exceptions.ElementShouldBeEnabledException">Expected enabled element was not enabled
Build info: version: '3.141.59', revision: 'e82be7d358', time: '2018-11-14T08:17:03'
System info: host: 'DESKTOP-BIC30TN', ip: '192.168.6.102', os.name: 'Windows 10', os.arch: 'amd64', os.version: '10.0', java.version: '11.0.12'
Driver info: driver.version: unknown</failure><system-err>Expected enabled element was not enabled
Build info: version: '3.141.59', revision: 'e82be7d358', time: '2018-11-14T08:17:03'
System info: host: 'DESKTOP-BIC30TN', ip: '192.168.6.102', os.name: 'Windows 10', os.arch: 'amd64', os.version: '10.0', java.version: '11.0.12'
Driver info: driver.version: unknown&#13;
pages.CotizaEnvioPage.clickBtnCotizar(CotizaEnvioPage.java:34)&#13;
steps.CotizaEnvioSteps.clickQuoteShipping(CotizaEnvioSteps.java:24)&#13;
definitions.CotizaEnvioDefinition.cotizo_el_envío(CotizaEnvioDefinition.java:46)&#13;
✽.cotizo el envío(src/test/resources/features/CotizarEnvio.feature:16)&#13;
</system-err></testcase></testsuite>